0 verbose cli /usr/local/bin/node /usr/local/bin/npm
1 info using npm@10.8.2
2 info using node@v20.20.1
3 silly config load:file:/usr/local/lib/node_modules/npm/npmrc
4 silly config load:file:/usr/src/node-red/.npmrc
5 silly config load:file:/usr/local/etc/npmrc
6 verbose title npm install node-red-contrib-coap
7 verbose argv "install" "node-red-contrib-coap"
8 verbose logfile logs-max:10 dir:/data/.npm/_logs/2026-04-17T19_24_35_017Z-
9 verbose logfile /data/.npm/_logs/2026-04-17T19_24_35_017Z-debug-0.log
10 silly packumentCache heap:4345298944 maxSize:1086324736 maxEntrySize:543162368
11 silly logfile done cleaning log files
12 silly idealTree buildDeps
13 silly fetch manifest node-red-contrib-coap@*
14 silly packumentCache full:https://registry.npmjs.org/node-red-contrib-coap cache-miss
15 http fetch GET 200 https://registry.npmjs.org/npm 3693ms
16 http fetch GET 200 https://registry.npmjs.org/node-red-contrib-coap 3862ms (cache miss)
17 silly packumentCache full:https://registry.npmjs.org/node-red-contrib-coap set size:undefined disposed:false
18 silly placeDep ROOT node-red-contrib-coap@0.9.0 OK for: node-red-docker@4.1.8 want: *
19 silly fetch manifest cbor@^10.0.2
20 silly packumentCache full:https://registry.npmjs.org/cbor cache-miss
21 silly fetch manifest coap@^1.4.0
22 silly packumentCache full:https://registry.npmjs.org/coap cache-miss
23 silly fetch manifest h5.linkformat@0.0.0
24 silly packumentCache full:https://registry.npmjs.org/h5.linkformat cache-miss
25 http fetch GET 200 https://registry.npmjs.org/h5.linkformat 478ms (cache miss)
26 silly packumentCache full:https://registry.npmjs.org/h5.linkformat set size:undefined disposed:false
27 http fetch GET 200 https://registry.npmjs.org/coap 2498ms (cache miss)
28 silly packumentCache full:https://registry.npmjs.org/coap set size:undefined disposed:false
29 http fetch GET 200 https://registry.npmjs.org/cbor 3009ms (cache miss)
30 silly packumentCache full:https://registry.npmjs.org/cbor set size:undefined disposed:false
31 silly placeDep ROOT cbor@10.0.12 OK for: node-red-contrib-coap@0.9.0 want: ^10.0.2
32 silly placeDep ROOT coap@1.5.0 OK for: node-red-contrib-coap@0.9.0 want: ^1.4.0
33 silly placeDep ROOT h5.linkformat@0.0.0 OK for: node-red-contrib-coap@0.9.0 want: 0.0.0
34 silly fetch manifest nofilter@^3.0.2
35 silly packumentCache full:https://registry.npmjs.org/nofilter cache-miss
36 silly fetch manifest capitalize@^2.0.4
37 silly packumentCache full:https://registry.npmjs.org/capitalize cache-miss
38 silly fetch manifest coap-packet@^1.1.1
39 silly packumentCache full:https://registry.npmjs.org/coap-packet cache-miss
40 silly fetch manifest debug@^4.3.5
41 silly packumentCache full:https://registry.npmjs.org/debug cache-miss
42 silly fetch manifest fastseries@^2.0.0
43 silly packumentCache full:https://registry.npmjs.org/fastseries cache-miss
44 silly fetch manifest lru-cache@^11.0.2
45 silly packumentCache full:https://registry.npmjs.org/lru-cache cache-miss
46 http fetch GET 200 https://registry.npmjs.org/nofilter 443ms (cache miss)
47 silly packumentCache full:https://registry.npmjs.org/nofilter set size:undefined disposed:false
48 http fetch GET 200 https://registry.npmjs.org/debug 470ms (cache miss)
49 silly packumentCache full:https://registry.npmjs.org/debug set size:undefined disposed:false
50 http fetch GET 200 https://registry.npmjs.org/capitalize 535ms (cache miss)
51 silly packumentCache full:https://registry.npmjs.org/capitalize set size:undefined disposed:false
52 http fetch GET 200 https://registry.npmjs.org/fastseries 3042ms (cache miss)
53 silly packumentCache full:https://registry.npmjs.org/fastseries set size:undefined disposed:false
54 http fetch GET 200 https://registry.npmjs.org/lru-cache 3485ms (cache miss)
55 silly packumentCache full:https://registry.npmjs.org/lru-cache set size:undefined disposed:false
56 http fetch GET 200 https://registry.npmjs.org/coap-packet 3765ms (cache miss)
57 silly packumentCache full:https://registry.npmjs.org/coap-packet set size:undefined disposed:false
58 silly placeDep ROOT nofilter@3.1.0 OK for: cbor@10.0.12 want: ^3.0.2
59 silly placeDep ROOT capitalize@2.0.4 OK for: coap@1.5.0 want: ^2.0.4
60 silly placeDep ROOT coap-packet@1.1.1 OK for: coap@1.5.0 want: ^1.1.1
61 silly placeDep node_modules/coap debug@4.4.3 OK for: coap@1.5.0 want: ^4.3.5
62 silly placeDep ROOT fastseries@2.0.0 OK for: coap@1.5.0 want: ^2.0.0
63 silly placeDep node_modules/coap lru-cache@11.3.5 OK for: coap@1.5.0 want: ^11.0.2
64 silly fetch manifest ms@^2.1.3
65 silly packumentCache full:https://registry.npmjs.org/ms cache-miss
66 http fetch GET 200 https://registry.npmjs.org/ms 465ms (cache miss)
67 silly packumentCache full:https://registry.npmjs.org/ms set size:undefined disposed:false
68 silly placeDep node_modules/coap ms@2.1.3 OK for: debug@4.4.3 want: ^2.1.3
69 silly reify moves {}
70 silly audit bulk request {
70 silly audit   '@babel/runtime': [ '7.29.2' ],
70 silly audit   '@isaacs/fs-minipass': [ '4.0.1' ],
70 silly audit   '@node-red/editor-api': [ '4.1.8' ],
70 silly audit   '@node-red/editor-client': [ '4.1.8' ],
70 silly audit   '@node-red/nodes': [ '4.1.8' ],
70 silly audit   '@node-red/registry': [ '4.1.8' ],
70 silly audit   '@node-red/runtime': [ '4.1.8' ],
70 silly audit   '@node-red/util': [ '4.1.8' ],
70 silly audit   '@node-rs/bcrypt': [ '1.10.7' ],
70 silly audit   '@node-rs/bcrypt-linux-x64-musl': [ '1.10.7' ],
70 silly audit   '@sindresorhus/is': [ '5.6.0' ],
70 silly audit   '@szmarczak/http-timer': [ '5.0.1' ],
70 silly audit   '@types/http-cache-semantics': [ '4.2.0' ],
70 silly audit   '@types/node': [ '25.5.0' ],
70 silly audit   '@types/readable-stream': [ '4.0.23' ],
70 silly audit   '@types/ws': [ '8.18.1' ],
70 silly audit   abbrev: [ '1.1.1' ],
70 silly audit   'abort-controller': [ '3.0.0' ],
70 silly audit   accepts: [ '1.3.8' ],
70 silly audit   acorn: [ '8.16.0' ],
70 silly audit   'acorn-walk': [ '8.3.5' ],
70 silly audit   'agent-base': [ '6.0.2' ],
70 silly audit   debug: [ '4.4.3', '2.6.9' ],
70 silly audit   ms: [ '2.1.3', '2.0.0' ],
70 silly audit   ajv: [ '8.18.0' ],
70 silly audit   'ansi-colors': [ '4.1.3' ],
70 silly audit   'ansi-regex': [ '5.0.1' ],
70 silly audit   'ansi-styles': [ '4.3.0' ],
70 silly audit   'append-field': [ '1.0.0' ],
70 silly audit   argparse: [ '2.0.1' ],
70 silly audit   'array-flatten': [ '1.1.1' ],
70 silly audit   'async-mutex': [ '0.5.0' ],
70 silly audit   asynckit: [ '0.4.0' ],
70 silly audit   axios: [ '1.13.6' ],
70 silly audit   'form-data': [ '4.0.5', '4.0.4' ],
70 silly audit   'base64-js': [ '1.5.1' ],
70 silly audit   'basic-auth': [ '2.0.1' ],
70 silly audit   bcryptjs: [ '3.0.3', '3.0.2' ],
70 silly audit   bl: [ '6.1.6' ],
70 silly audit   'body-parser': [ '1.20.4' ],
70 silly audit   'iconv-lite': [ '0.4.24', '0.6.3' ],
70 silly audit   'raw-body': [ '2.5.3', '3.0.0' ],
70 silly audit   boolbase: [ '1.0.0' ],
70 silly audit   'broker-factory': [ '3.1.14' ],
70 silly audit   buffer: [ '6.0.3' ],
70 silly audit   'buffer-from': [ '1.1.2' ],
70 silly audit   busboy: [ '1.6.0' ],
70 silly audit   bytes: [ '3.1.2' ],
70 silly audit   'cacheable-lookup': [ '7.0.0' ],
70 silly audit   'cacheable-request': [ '10.2.14' ],
70 silly audit   'call-bind-apply-helpers': [ '1.0.2' ],
70 silly audit   'call-bound': [ '1.0.4' ],
70 silly audit   chalk: [ '4.1.2' ],
70 silly audit   cheerio: [ '1.0.0-rc.10' ],
70 silly audit   'cheerio-select': [ '1.6.0' ],
70 silly audit   chownr: [ '3.0.0' ],
70 silly audit   'cli-table': [ '0.3.11' ],
70 silly audit   clone: [ '2.1.2' ],
70 silly audit   'color-convert': [ '2.0.1' ],
70 silly audit   'color-name': [ '1.1.4' ],
70 silly audit   colors: [ '1.0.3' ],
70 silly audit   'combined-stream': [ '1.0.8' ],
70 silly audit   commist: [ '3.2.0' ],
70 silly audit   'concat-stream': [ '2.0.0' ],
70 silly audit   'readable-stream': [ '3.6.2', '4.7.0' ],
70 silly audit   'content-disposition': [ '0.5.4' ],
70 silly audit   'safe-buffer': [ '5.2.1', '5.1.2' ],
70 silly audit   'content-type': [ '1.0.5' ],
70 silly audit   cookie: [ '0.7.2' ],
70 silly audit   'cookie-parser': [ '1.4.7' ],
70 silly audit   'cookie-signature': [ '1.0.6', '1.0.7' ],
70 silly audit   cors: [ '2.8.5' ],
70 silly audit   cronosjs: [ '1.7.1' ],
70 silly audit   'css-select': [ '4.3.0' ],
70 silly audit   'css-what': [ '6.2.2' ],
70 silly audit   'decompress-response': [ '6.0.0' ],
70 silly audit   'mimic-response': [ '3.1.0', '4.0.0' ],
70 silly audit   'defer-to-connect': [ '2.0.1' ],
70 silly audit   'delayed-stream': [ '1.0.0' ],
70 silly audit   denque: [ '2.1.0' ],
70 silly audit   depd: [ '2.0.0' ],
70 silly audit   destroy: [ '1.2.0' ],
70 silly audit   'dom-serializer': [ '1.4.1' ],
70 silly audit   domelementtype: [ '2.3.0' ],
70 silly audit   domhandler: [ '4.3.1' ],
70 silly audit   domutils: [ '2.8.0' ],
70 silly audit   'dunder-proto': [ '1.0.1' ],
70 silly audit   'ee-first': [ '1.1.1' ],
70 silly audit   encodeurl: [ '2.0.0' ],
70 silly audit   enquirer: [ '2.4.1' ],
70 silly audit   entities: [ '2.2.0' ],
70 silly audit   'es-define-property': [ '1.0.1' ],
70 silly audit   'es-errors': [ '1.3.0' ],
70 silly audit   'es-object-atoms': [ '1.1.1' ],
70 silly audit   'es-set-tostringtag': [ '2.1.0' ],
70 silly audit   'escape-html': [ '1.0.3' ],
70 silly audit   etag: [ '1.8.1' ],
70 silly audit   'event-target-shim': [ '5.0.1' ],
70 silly audit   events: [ '3.3.0' ],
70 silly audit   express: [ '4.22.1' ],
70 silly audit   'express-session': [ '1.18.2' ],
70 silly audit   'fast-deep-equal': [ '3.1.3' ],
70 silly audit   'fast-unique-numbers': [ '9.0.27' ],
70 silly audit   'fast-uri': [ '3.1.0' ],
70 silly audit   finalhandler: [ '1.3.2' ],
70 silly audit   'follow-redirects': [ '1.15.11' ],
70 silly audit   'form-data-encoder': [ '2.1.4' ],
70 silly audit   forwarded: [ '0.2.0' ],
70 silly audit   fresh: [ '0.5.2' ],
70 silly audit   'fs-extra': [ '11.3.0' ],
70 silly audit   'function-bind': [ '1.1.2' ],
70 silly audit   'get-intrinsic': [ '1.3.0' ],
70 silly audit   'get-proto': [ '1.0.1' ],
70 silly audit   'get-stream': [ '6.0.1' ],
70 silly audit   gopd: [ '1.2.0' ],
70 silly audit   got: [ '12.6.1' ],
70 silly audit   'graceful-fs': [ '4.2.11' ],
70 silly audit   'has-flag': [ '4.0.0' ],
70 silly audit   'has-symbols': [ '1.1.0' ],
70 silly audit   'has-tostringtag': [ '1.0.2' ],
70 silly audit   'hash-sum': [ '2.0.0' ],
70 silly audit   hasown: [ '2.0.2' ],
70 silly audit   'help-me': [ '5.0.0' ],
70 silly audit   hpagent: [ '1.2.0' ],
70 silly audit   htmlparser2: [ '6.1.0' ],
70 silly audit   'http-cache-semantics': [ '4.2.0' ],
70 silly audit   'http-errors': [ '2.0.1', '2.0.0' ],
70 silly audit   'http2-wrapper': [ '2.2.1' ],
70 silly audit   'https-proxy-agent': [ '5.0.1' ],
70 silly audit   i18next: [ '25.8.14' ],
70 silly audit   ieee754: [ '1.2.1' ],
70 silly audit   inherits: [ '2.0.4' ],
70 silly audit   'ip-address': [ '10.1.0' ],
70 silly audit   'ipaddr.js': [ '1.9.1' ],
70 silly audit   'is-utf8': [ '0.2.1' ],
70 silly audit   'js-sdsl': [ '4.3.0' ],
70 silly audit   'js-yaml': [ '4.1.1' ],
70 silly audit   'json-buffer': [ '3.0.1' ],
70 silly audit   'json-schema-traverse': [ '1.0.0' ],
70 silly audit   'json-stringify-safe': [ '5.0.1' ],
70 silly audit   jsonata: [ '2.0.6' ],
70 silly audit   jsonfile: [ '6.2.0' ],
70 silly audit   keyv: [ '4.5.4' ],
70 silly audit   'lodash.clonedeep': [ '4.5.0' ],
70 silly audit   'lowercase-keys': [ '3.0.0' ],
70 silly audit   'lru-cache': [ '4.1.5', '10.4.3', '11.3.5' ],
70 silly audit   'math-intrinsics': [ '1.1.0' ],
70 silly audit   'media-typer': [ '1.1.0', '0.3.0' ],
70 silly audit   memorystore: [ '1.6.7' ],
70 silly audit   'merge-descriptors': [ '1.0.3' ],
70 silly audit   methods: [ '1.1.2' ],
70 silly audit   mime: [ '3.0.0', '1.6.0' ],
70 silly audit   'mime-db': [ '1.52.0' ],
70 silly audit   'mime-types': [ '2.1.35' ],
70 silly audit   minimist: [ '1.2.8' ],
70 silly audit   minipass: [ '7.1.3' ],
70 silly audit   minizlib: [ '3.1.0' ],
70 silly audit   moment: [ '2.30.1' ],
70 silly audit   'moment-timezone': [ '0.5.48' ],
70 silly audit   mqtt: [ '5.15.0' ],
70 silly audit   ws: [ '8.20.0', '7.5.10' ],
70 silly audit   'mqtt-packet': [ '9.0.2' ],
70 silly audit   multer: [ '2.1.1' ],
70 silly audit   mustache: [ '4.2.0' ],
70 silly audit   'mute-stream': [ '1.0.0' ],
70 silly audit   negotiator: [ '0.6.3' ],
70 silly audit   'node-red': [ '4.1.8' ],
70 silly audit   'node-red-admin': [ '4.1.3' ],
70 silly audit   'node-watch': [ '0.7.4' ],
70 silly audit   nopt: [ '5.0.0' ],
70 silly audit   'normalize-url': [ '8.1.1' ],
70 silly audit   'nth-check': [ '2.1.1' ],
70 silly audit   'number-allocator': [ '1.0.14' ],
70 silly audit   oauth2orize: [ '1.12.0' ],
70 silly audit   'object-assign': [ '4.1.1' ],
70 silly audit   'object-inspect': [ '1.13.4' ],
70 silly audit   'on-finished': [ '2.4.1' ],
70 silly audit   'on-headers': [ '1.1.0' ],
70 silly audit   'p-cancelable': [ '3.0.0' ],
70 silly audit   parse5: [ '6.0.1' ],
70 silly audit   'parse5-htmlparser2-tree-adapter': [ '6.0.1' ],
70 silly audit   parseurl: [ '1.3.3' ],
70 silly audit   passport: [ '0.7.0' ],
70 silly audit   'passport-http-bearer': [ '1.0.1' ],
70 silly audit   'passport-oauth2-client-password': [ '0.1.2' ],
70 silly audit   'passport-strategy': [ '1.0.0' ],
70 silly audit   'path-to-regexp': [ '0.1.12' ],
70 silly audit   pause: [ '0.0.1' ],
70 silly audit   process: [ '0.11.10' ],
70 silly audit   'process-nextick-args': [ '2.0.1' ],
70 silly audit   'proxy-addr': [ '2.0.7' ],
70 silly audit   'proxy-from-env': [ '1.1.0' ],
70 silly audit   pseudomap: [ '1.0.2' ],
70 silly audit   qs: [ '6.14.2' ],
70 silly audit   'quick-lru': [ '5.1.1' ],
70 silly audit   'random-bytes': [ '1.0.0' ],
70 silly audit   'range-parser': [ '1.2.1' ],
70 silly audit   statuses: [ '2.0.1', '2.0.2' ],
70 silly audit   read: [ '3.0.1' ],
70 silly audit   'require-from-string': [ '2.0.2' ],
70 silly audit   'resolve-alpn': [ '1.2.1' ],
70 silly audit   responselike: [ '3.0.0' ],
70 silly audit   rfdc: [ '1.4.1' ],
70 silly audit   'safer-buffer': [ '2.1.2' ],
70 silly audit   sax: [ '1.6.0' ],
70 silly audit   semver: [ '7.7.4' ],
70 silly audit   send: [ '0.19.2' ],
70 silly audit   'serve-static': [ '1.16.3' ],
70 silly audit   setprototypeof: [ '1.2.0' ],
70 silly audit   'side-channel': [ '1.1.0' ],
70 silly audit   'side-channel-list': [ '1.0.0' ],
70 silly audit   'side-channel-map': [ '1.0.1' ],
70 silly audit   'side-channel-weakmap': [ '1.0.2' ],
70 silly audit   'smart-buffer': [ '4.2.0' ],
70 silly audit   socks: [ '2.8.7' ],
70 silly audit   split2: [ '4.2.0' ],
70 silly audit   streamsearch: [ '1.1.0' ],
70 silly audit   string_decoder: [ '1.3.0' ],
70 silly audit   'strip-ansi': [ '6.0.1' ],
70 silly audit   'supports-color': [ '7.2.0' ],
70 silly audit   tar: [ '7.5.12' ],
70 silly audit   yallist: [ '5.0.0', '2.1.2' ],
70 silly audit   tldts: [ '6.1.86' ],
70 silly audit   'tldts-core': [ '6.1.86' ],
70 silly audit   toidentifier: [ '1.0.1' ],
70 silly audit   'tough-cookie': [ '5.1.2' ],
70 silly audit   tslib: [ '2.8.1' ],
70 silly audit   'type-is': [ '1.6.18' ],
70 silly audit   typedarray: [ '0.0.6' ],
70 silly audit   'uglify-js': [ '3.19.3' ],
70 silly audit   'uid-safe': [ '2.1.5' ],
70 silly audit   uid2: [ '0.0.4' ],
70 silly audit   'undici-types': [ '7.18.2' ],
70 silly audit   universalify: [ '2.0.1' ],
70 silly audit   unpipe: [ '1.0.0' ],
70 silly audit   'util-deprecate': [ '1.0.2' ],
70 silly audit   'utils-merge': [ '1.0.1' ],
70 silly audit   uuid: [ '9.0.1' ],
70 silly audit   vary: [ '1.1.2' ],
70 silly audit   'worker-factory': [ '7.0.49' ],
70 silly audit   'worker-timers': [ '8.0.31' ],
70 silly audit   'worker-timers-broker': [ '8.0.16' ],
70 silly audit   'worker-timers-worker': [ '9.0.14' ],
70 silly audit   xml2js: [ '0.6.2' ],
70 silly audit   xmlbuilder: [ '11.0.1' ],
70 silly audit   'node-red-contrib-coap': [ '0.9.0' ],
70 silly audit   cbor: [ '10.0.12' ],
70 silly audit   coap: [ '1.5.0' ],
70 silly audit   'h5.linkformat': [ '0.0.0' ],
70 silly audit   nofilter: [ '3.1.0' ],
70 silly audit   capitalize: [ '2.0.4' ],
70 silly audit   'coap-packet': [ '1.1.1' ],
70 silly audit   fastseries: [ '2.0.0' ]
70 silly audit }
71 silly tarball no local data for coap-packet@https://registry.npmjs.org/coap-packet/-/coap-packet-1.1.1.tgz. Extracting by manifest.
72 silly tarball no local data for nofilter@https://registry.npmjs.org/nofilter/-/nofilter-3.1.0.tgz. Extracting by manifest.
73 silly tarball no local data for capitalize@https://registry.npmjs.org/capitalize/-/capitalize-2.0.4.tgz. Extracting by manifest.
74 silly tarball no local data for fastseries@https://registry.npmjs.org/fastseries/-/fastseries-2.0.0.tgz. Extracting by manifest.
75 silly tarball no local data for coap@https://registry.npmjs.org/coap/-/coap-1.5.0.tgz. Extracting by manifest.
76 silly tarball no local data for h5.linkformat@https://registry.npmjs.org/h5.linkformat/-/h5.linkformat-0.0.0.tgz. Extracting by manifest.
77 silly tarball no local data for cbor@https://registry.npmjs.org/cbor/-/cbor-10.0.12.tgz. Extracting by manifest.
78 silly tarball no local data for ms@https://registry.npmjs.org/ms/-/ms-2.1.3.tgz. Extracting by manifest.
79 silly tarball no local data for node-red-contrib-coap@https://registry.npmjs.org/node-red-contrib-coap/-/node-red-contrib-coap-0.9.0.tgz. Extracting by manifest.
80 silly tarball no local data for lru-cache@https://registry.npmjs.org/lru-cache/-/lru-cache-11.3.5.tgz. Extracting by manifest.
81 silly tarball no local data for debug@https://registry.npmjs.org/debug/-/debug-4.4.3.tgz. Extracting by manifest.
82 http fetch POST 200 https://registry.npmjs.org/-/npm/v1/security/advisories/bulk 406ms
83 silly audit report {
83 silly audit report   axios: [
83 silly audit report     {
83 silly audit report       id: 1116673,
83 silly audit report       url: 'https://github.com/advisories/GHSA-3p68-rc4w-qgx5',
83 silly audit report       title: 'Axios has a NO_PROXY Hostname Normalization Bypass that Leads to SSRF',
83 silly audit report       severity: 'moderate',
83 silly audit report       vulnerable_versions: '>=1.0.0 <1.15.0',
83 silly audit report       cwe: [Array],
83 silly audit report       cvss: [Object]
83 silly audit report     },
83 silly audit report     {
83 silly audit report       id: 1116675,
83 silly audit report       url: 'https://github.com/advisories/GHSA-fvcv-3m26-pcqx',
83 silly audit report       title: 'Axios has Unrestricted Cloud Metadata Exfiltration via Header Injection Chain',
83 silly audit report       severity: 'moderate',
83 silly audit report       vulnerable_versions: '>=1.0.0 <1.15.0',
83 silly audit report       cwe: [Array],
83 silly audit report       cvss: [Object]
83 silly audit report     }
83 silly audit report   ],
83 silly audit report   'follow-redirects': [
83 silly audit report     {
83 silly audit report       id: 1116560,
83 silly audit report       url: 'https://github.com/advisories/GHSA-r4q5-vmmm-2653',
83 silly audit report       title: 'follow-redirects leaks Custom Authentication Headers to Cross-Domain Redirect Targets',
83 silly audit report       severity: 'moderate',
83 silly audit report       vulnerable_versions: '<=1.15.11',
83 silly audit report       cwe: [Array],
83 silly audit report       cvss: [Object]
83 silly audit report     }
83 silly audit report   ],
83 silly audit report   'path-to-regexp': [
83 silly audit report     {
83 silly audit report       id: 1115527,
83 silly audit report       url: 'https://github.com/advisories/GHSA-37ch-88jc-xwx2',
83 silly audit report       title: 'path-to-regexp vulnerable to Regular Expression Denial of Service via multiple route parameters',
83 silly audit report       severity: 'high',
83 silly audit report       vulnerable_versions: '<0.1.13',
83 silly audit report       cwe: [Array],
83 silly audit report       cvss: [Object]
83 silly audit report     }
83 silly audit report   ]
83 silly audit report }
84 silly packumentCache corgi:https://registry.npmjs.org/axios cache-miss
85 silly packumentCache corgi:https://registry.npmjs.org/follow-redirects cache-miss
86 silly packumentCache corgi:https://registry.npmjs.org/path-to-regexp cache-miss
87 http fetch GET 200 https://registry.npmjs.org/capitalize/-/capitalize-2.0.4.tgz 420ms (cache miss)
88 http fetch GET 200 https://registry.npmjs.org/nofilter/-/nofilter-3.1.0.tgz 452ms (cache miss)
89 http fetch GET 200 https://registry.npmjs.org/h5.linkformat/-/h5.linkformat-0.0.0.tgz 461ms (cache miss)
90 http fetch GET 200 https://registry.npmjs.org/coap-packet/-/coap-packet-1.1.1.tgz 585ms (cache miss)
91 http fetch GET 200 https://registry.npmjs.org/coap/-/coap-1.5.0.tgz 643ms (cache miss)
92 http fetch GET 200 https://registry.npmjs.org/path-to-regexp 368ms (cache miss)
93 silly packumentCache corgi:https://registry.npmjs.org/path-to-regexp set size:undefined disposed:false
94 http fetch GET 200 https://registry.npmjs.org/debug/-/debug-4.4.3.tgz 843ms (cache miss)
95 http fetch GET 200 https://registry.npmjs.org/ms/-/ms-2.1.3.tgz 1094ms (cache miss)
96 http fetch GET 200 https://registry.npmjs.org/axios 961ms (cache miss)
97 silly packumentCache corgi:https://registry.npmjs.org/axios set size:undefined disposed:false
98 http fetch GET 200 https://registry.npmjs.org/follow-redirects 1171ms (cache miss)
99 silly packumentCache corgi:https://registry.npmjs.org/follow-redirects set size:undefined disposed:false
100 silly packumentCache corgi:https://registry.npmjs.org/node-red-admin cache-miss
101 http fetch GET 200 https://registry.npmjs.org/node-red-admin 1362ms (cache miss)
102 silly packumentCache corgi:https://registry.npmjs.org/node-red-admin set size:undefined disposed:false
103 silly packumentCache corgi:https://registry.npmjs.org/express cache-miss
104 http fetch GET 200 https://registry.npmjs.org/fastseries/-/fastseries-2.0.0.tgz 3098ms (cache miss)
105 http fetch GET 200 https://registry.npmjs.org/node-red-contrib-coap/-/node-red-contrib-coap-0.9.0.tgz 4160ms (cache miss)
106 http fetch GET 200 https://registry.npmjs.org/express 1556ms (cache miss)
107 silly packumentCache corgi:https://registry.npmjs.org/express set size:undefined disposed:false
108 http fetch GET 200 https://registry.npmjs.org/cbor/-/cbor-10.0.12.tgz 7187ms (cache miss)
109 http fetch GET 200 https://registry.npmjs.org/lru-cache/-/lru-cache-11.3.5.tgz 9133ms (cache miss)
110 silly ADD node_modules/fastseries
111 silly ADD node_modules/coap-packet
112 silly ADD node_modules/capitalize
113 silly ADD node_modules/nofilter
114 silly ADD node_modules/h5.linkformat
115 silly ADD node_modules/coap
116 silly ADD node_modules/coap/node_modules/ms
117 silly ADD node_modules/coap/node_modules/lru-cache
118 silly ADD node_modules/coap/node_modules/debug
119 silly ADD node_modules/cbor
120 silly ADD node_modules/node-red-contrib-coap
121 verbose cwd /usr/src/node-red
122 verbose os Linux 6.6.87.2-microsoft-standard-WSL2
123 verbose node v20.20.1
124 verbose npm  v10.8.2
125 notice
125 notice New [31mmajor[39m version of npm available! [31m10.8.2[39m -> [34m11.12.1[39m
125 notice Changelog: [34mhttps://github.com/npm/cli/releases/tag/v11.12.1[39m
125 notice To update run: [4mnpm install -g npm@11.12.1[24m
125 notice  { force: true, [Symbol(proc-log.meta)]: true }
126 verbose exit 0
127 info ok
