0 verbose cli /usr/local/bin/node /usr/local/bin/npm
1 info using npm@10.8.2
2 info using node@v20.20.1
3 silly config load:file:/usr/local/lib/node_modules/npm/npmrc
4 silly config load:file:/data/.npmrc
5 silly config load:file:/usr/src/node-red/.npmrc
6 silly config load:file:/usr/local/etc/npmrc
7 verbose title npm install node-red-contrib-influxdb
8 verbose argv "install" "node-red-contrib-influxdb"
9 verbose logfile logs-max:10 dir:/data/.npm/_logs/2026-04-17T20_01_23_550Z-
10 verbose logfile /data/.npm/_logs/2026-04-17T20_01_23_550Z-debug-0.log
11 silly packumentCache heap:4345298944 maxSize:1086324736 maxEntrySize:543162368
12 silly logfile done cleaning log files
13 silly idealTree buildDeps
14 silly fetch manifest node-red-contrib-influxdb@*
15 silly packumentCache full:https://registry.npmjs.org/node-red-contrib-influxdb cache-miss
16 http fetch GET 200 https://registry.npmjs.org/node-red-contrib-influxdb 715ms (cache miss)
17 silly packumentCache full:https://registry.npmjs.org/node-red-contrib-influxdb set size:undefined disposed:false
18 silly placeDep ROOT node-red-contrib-influxdb@0.7.0 OK for: node-red-project@0.0.1 want: *
19 silly fetch manifest influx@~5.9.3
20 silly packumentCache full:https://registry.npmjs.org/influx cache-miss
21 silly fetch manifest @influxdata/influxdb-client@~1.33.2
22 silly packumentCache full:https://registry.npmjs.org/@influxdata%2finfluxdb-client cache-miss
23 silly fetch manifest lodash@~4.17.21
24 silly packumentCache full:https://registry.npmjs.org/lodash cache-miss
25 http fetch GET 200 https://registry.npmjs.org/influx 393ms (cache miss)
26 silly packumentCache full:https://registry.npmjs.org/influx set size:undefined disposed:false
27 http fetch GET 200 https://registry.npmjs.org/lodash 461ms (cache miss)
28 silly packumentCache full:https://registry.npmjs.org/lodash set size:undefined disposed:false
29 http fetch GET 200 https://registry.npmjs.org/@influxdata%2finfluxdb-client 1349ms (cache miss)
30 silly packumentCache full:https://registry.npmjs.org/@influxdata%2finfluxdb-client set size:undefined disposed:false
31 silly placeDep ROOT @influxdata/influxdb-client@1.33.2 OK for: node-red-contrib-influxdb@0.7.0 want: ~1.33.2
32 silly placeDep ROOT influx@5.9.7 OK for: node-red-contrib-influxdb@0.7.0 want: ~5.9.3
33 silly placeDep ROOT lodash@4.17.23 OK for: node-red-contrib-influxdb@0.7.0 want: ~4.17.21
34 silly reify moves {}
35 silly audit bulk request {
35 silly audit   '@types/node': [ '25.6.0' ],
35 silly audit   '@types/readable-stream': [ '4.0.23' ],
35 silly audit   'abort-controller': [ '3.0.0' ],
35 silly audit   'base64-js': [ '1.5.1' ],
35 silly audit   bl: [ '6.1.6' ],
35 silly audit   buffer: [ '6.0.3' ],
35 silly audit   capitalize: [ '2.0.4' ],
35 silly audit   cbor: [ '10.0.12' ],
35 silly audit   coap: [ '1.5.0' ],
35 silly audit   'coap-packet': [ '1.1.1' ],
35 silly audit   debug: [ '4.4.3' ],
35 silly audit   'event-target-shim': [ '5.0.1' ],
35 silly audit   events: [ '3.3.0' ],
35 silly audit   fastseries: [ '2.0.0' ],
35 silly audit   'h5.linkformat': [ '0.0.0' ],
35 silly audit   ieee754: [ '1.2.1' ],
35 silly audit   inherits: [ '2.0.4' ],
35 silly audit   'lru-cache': [ '11.3.5' ],
35 silly audit   ms: [ '2.1.3' ],
35 silly audit   'node-red-contrib-coap': [ '0.9.0' ],
35 silly audit   nofilter: [ '3.1.0' ],
35 silly audit   process: [ '0.11.10' ],
35 silly audit   'readable-stream': [ '4.7.0' ],
35 silly audit   'safe-buffer': [ '5.2.1' ],
35 silly audit   string_decoder: [ '1.3.0' ],
35 silly audit   'undici-types': [ '7.19.2' ],
35 silly audit   'node-red-contrib-influxdb': [ '0.7.0' ],
35 silly audit   '@influxdata/influxdb-client': [ '1.33.2' ],
35 silly audit   influx: [ '5.9.7' ],
35 silly audit   lodash: [ '4.17.23' ]
35 silly audit }
36 silly tarball no local data for influx@https://registry.npmjs.org/influx/-/influx-5.9.7.tgz. Extracting by manifest.
37 silly tarball no local data for node-red-contrib-influxdb@https://registry.npmjs.org/node-red-contrib-influxdb/-/node-red-contrib-influxdb-0.7.0.tgz. Extracting by manifest.
38 silly tarball no local data for lodash@https://registry.npmjs.org/lodash/-/lodash-4.17.23.tgz. Extracting by manifest.
39 silly tarball no local data for @influxdata/influxdb-client@https://registry.npmjs.org/@influxdata/influxdb-client/-/influxdb-client-1.33.2.tgz. Extracting by manifest.
40 http fetch GET 200 https://registry.npmjs.org/node-red-contrib-influxdb/-/node-red-contrib-influxdb-0.7.0.tgz 175ms (cache miss)
41 http fetch POST 200 https://registry.npmjs.org/-/npm/v1/security/advisories/bulk 280ms
42 silly audit report {
42 silly audit report   lodash: [
42 silly audit report     {
42 silly audit report       id: 1115806,
42 silly audit report       url: 'https://github.com/advisories/GHSA-r5fr-rjxr-66jc',
42 silly audit report       title: 'lodash vulnerable to Code Injection via `_.template` imports key names',
42 silly audit report       severity: 'high',
42 silly audit report       vulnerable_versions: '>=4.0.0 <=4.17.23',
42 silly audit report       cwe: [Array],
42 silly audit report       cvss: [Object]
42 silly audit report     },
42 silly audit report     {
42 silly audit report       id: 1115810,
42 silly audit report       url: 'https://github.com/advisories/GHSA-f23m-r3pf-42rh',
42 silly audit report       title: 'lodash vulnerable to Prototype Pollution via array path bypass in `_.unset` and `_.omit`',
42 silly audit report       severity: 'moderate',
42 silly audit report       vulnerable_versions: '<=4.17.23',
42 silly audit report       cwe: [Array],
42 silly audit report       cvss: [Object]
42 silly audit report     }
42 silly audit report   ]
42 silly audit report }
43 silly packumentCache corgi:https://registry.npmjs.org/lodash cache-miss
44 http fetch GET 200 https://registry.npmjs.org/influx/-/influx-5.9.7.tgz 286ms (cache miss)
45 http fetch GET 200 https://registry.npmjs.org/lodash 257ms (cache miss)
46 silly packumentCache corgi:https://registry.npmjs.org/lodash set size:undefined disposed:false
47 silly packumentCache corgi:https://registry.npmjs.org/node-red-contrib-influxdb cache-miss
48 http fetch GET 200 https://registry.npmjs.org/node-red-contrib-influxdb 202ms (cache miss)
49 silly packumentCache corgi:https://registry.npmjs.org/node-red-contrib-influxdb set size:undefined disposed:false
50 http fetch GET 200 https://registry.npmjs.org/@influxdata/influxdb-client/-/influxdb-client-1.33.2.tgz 1345ms (cache miss)
51 http fetch GET 200 https://registry.npmjs.org/lodash/-/lodash-4.17.23.tgz 2869ms (cache miss)
52 silly ADD node_modules/lodash
53 silly ADD node_modules/influx
54 silly ADD node_modules/@influxdata/influxdb-client
55 silly ADD node_modules/node-red-contrib-influxdb
56 verbose cwd /data
57 verbose os Linux 6.6.87.2-microsoft-standard-WSL2
58 verbose node v20.20.1
59 verbose npm  v10.8.2
60 verbose exit 0
61 info ok
